Wed Oct 14 18:58:17 UTC 2020: 
 sudoku.c | 12 ++++++++++++
 1 file changed, 12 insertions(+)
In file included from test.c:5:0:
sudoku.c: In function ‘get_adj_nodes’:
sudoku.c:53:10: error: ‘i’ undeclared (first use in this function)
     for (i = 0 ; i < 9; i++) {
          ^
sudoku.c:53:10: note: each undeclared identifier is reported only once for each function it appears in
sudoku.c:54:10: error: ‘j’ undeclared (first use in this function)
     for (j = 0 ; j < 9; j++) {
          ^
sudoku.c:55:13: error: ‘Node {aka struct <anonymous>}’ has no member named ‘state’
        if (n->state[i][j] == 0) {
             ^~
sudoku.c:56:14: error: ‘cont’ undeclared (first use in this function); did you mean ‘copy’?
          for(cont = 1; cont < 10; cont++){
              ^~~~
              copy
sudoku.c:58:25: error: assignment to expression with array type
             adj_n->sudo = n->sudo;
                         ^
sudoku.c:60:13: error: implicit declaration of function ‘push_back’; did you mean ‘pushBack’? [-Werror=implicit-function-declaration]
             push_back(lista, adj_n);
             ^~~~~~~~~
             pushBack
sudoku.c:60:23: error: ‘lista’ undeclared (first use in this function); did you mean ‘list’?
             push_back(lista, adj_n);
                       ^~~~~
                       list
cc1: all warnings being treated as errors
Compilation failed
Wed Oct 14 18:58:25 UTC 2020: 
 sudoku.c | 12 ++++++++++++
 1 file changed, 12 insertions(+)
In file included from test.c:5:0:
sudoku.c: In function ‘get_adj_nodes’:
sudoku.c:53:10: error: ‘i’ undeclared (first use in this function)
     for (i = 0 ; i < 9; i++) {
          ^
sudoku.c:53:10: note: each undeclared identifier is reported only once for each function it appears in
sudoku.c:54:10: error: ‘j’ undeclared (first use in this function)
     for (j = 0 ; j < 9; j++) {
          ^
sudoku.c:55:13: error: ‘Node {aka struct <anonymous>}’ has no member named ‘state’
        if (n->state[i][j] == 0) {
             ^~
sudoku.c:56:14: error: ‘cont’ undeclared (first use in this function); did you mean ‘copy’?
          for(cont = 1; cont < 10; cont++){
              ^~~~
              copy
sudoku.c:58:25: error: assignment to expression with array type
             adj_n->sudo = n->sudo;
                         ^
sudoku.c:60:13: error: implicit declaration of function ‘push_back’; did you mean ‘pushBack’? [-Werror=implicit-function-declaration]
             push_back(list, adj_n);
             ^~~~~~~~~
             pushBack
cc1: all warnings being treated as errors
Compilation failed
Wed Oct 14 18:58:57 UTC 2020: 
 sudoku.c | 13 +++++++++++++
 1 file changed, 13 insertions(+)
In file included from test.c:5:0:
sudoku.c: In function ‘get_adj_nodes’:
sudoku.c:56:13: error: ‘Node {aka struct <anonymous>}’ has no member named ‘state’
        if (n->state[i][j] == 0) {
             ^~
sudoku.c:59:25: error: assignment to expression with array type
             adj_n->sudo = n->sudo;
                         ^
sudoku.c:61:13: error: implicit declaration of function ‘push_back’; did you mean ‘pushBack’? [-Werror=implicit-function-declaration]
             push_back(list, adj_n);
             ^~~~~~~~~
             pushBack
cc1: all warnings being treated as errors
Compilation failed
Wed Oct 14 18:59:26 UTC 2020: 
 sudoku.c | 13 +++++++++++++
 1 file changed, 13 insertions(+)
In file included from test.c:5:0:
sudoku.c: In function ‘get_adj_nodes’:
sudoku.c:56:13: error: ‘Node {aka struct <anonymous>}’ has no member named ‘state’
        if (n->state[i][j] == 0) {
             ^~
sudoku.c:59:25: error: assignment to expression with array type
             adj_n->sudo = n->sudo;
                         ^
sudoku.c:61:13: error: implicit declaration of function ‘push_back’; did you mean ‘pushBack’? [-Werror=implicit-function-declaration]
             push_back(list, adj_n);
             ^~~~~~~~~
             pushBack
cc1: all warnings being treated as errors
Compilation failed
Wed Oct 14 19:02:06 UTC 2020: 
 sudoku.c | 13 +++++++++++++
 1 file changed, 13 insertions(+)
In file included from test.c:5:0:
sudoku.c: In function ‘get_adj_nodes’:
sudoku.c:56:13: error: ‘Node {aka struct <anonymous>}’ has no member named ‘new’
        if (n->new[i][j] == 0) {
             ^~
sudoku.c:59:25: error: assignment to expression with array type
             adj_n->sudo = n->sudo;
                         ^
sudoku.c:61:13: error: implicit declaration of function ‘push_back’; did you mean ‘pushBack’? [-Werror=implicit-function-declaration]
             push_back(list, adj_n);
             ^~~~~~~~~
             pushBack
cc1: all warnings being treated as errors
Compilation failed
Wed Oct 14 19:02:33 UTC 2020: 
 sudoku.c | 13 +++++++++++++
 1 file changed, 13 insertions(+)
In file included from test.c:5:0:
sudoku.c: In function ‘get_adj_nodes’:
sudoku.c:56:16: error: subscripted value is neither array nor pointer nor vector
        if (n[i][j] == 0) {
                ^
sudoku.c:59:25: error: assignment to expression with array type
             adj_n->sudo = n->sudo;
                         ^
sudoku.c:61:13: error: implicit declaration of function ‘push_back’; did you mean ‘pushBack’? [-Werror=implicit-function-declaration]
             push_back(list, adj_n);
             ^~~~~~~~~
             pushBack
cc1: all warnings being treated as errors
Compilation failed
Wed Oct 14 19:03:20 UTC 2020: 
 sudoku.c | 13 +++++++++++++
 1 file changed, 13 insertions(+)
In file included from test.c:5:0:
sudoku.c: In function ‘get_adj_nodes’:
sudoku.c:56:15: error: expected identifier before ‘[’ token
        if (n->[i][j] == 0) {
               ^
sudoku.c:59:25: error: assignment to expression with array type
             adj_n->sudo = n->sudo;
                         ^
sudoku.c:61:13: error: implicit declaration of function ‘push_back’; did you mean ‘pushBack’? [-Werror=implicit-function-declaration]
             push_back(list, adj_n);
             ^~~~~~~~~
             pushBack
cc1: all warnings being treated as errors
Compilation failed
Wed Oct 14 19:03:28 UTC 2020: 
 sudoku.c | 13 +++++++++++++
 1 file changed, 13 insertions(+)
In file included from test.c:5:0:
sudoku.c: In function ‘get_adj_nodes’:
sudoku.c:56:15: error: expected identifier before ‘[’ token
        if (n->[i][j] == 0) {
               ^
sudoku.c:59:25: error: assignment to expression with array type
             adj_n->sudo = n->sudo;
                         ^
sudoku.c:61:13: error: implicit declaration of function ‘push_back’; did you mean ‘pushBack’? [-Werror=implicit-function-declaration]
             push_back(list, adj_n);
             ^~~~~~~~~
             pushBack
cc1: all warnings being treated as errors
Compilation failed
Wed Oct 14 19:03:38 UTC 2020: 
 sudoku.c | 13 +++++++++++++
 1 file changed, 13 insertions(+)
In file included from test.c:5:0:
sudoku.c: In function ‘get_adj_nodes’:
sudoku.c:59:25: error: assignment to expression with array type
             adj_n->sudo = n->sudo;
                         ^
sudoku.c:61:13: error: implicit declaration of function ‘push_back’; did you mean ‘pushBack’? [-Werror=implicit-function-declaration]
             push_back(list, adj_n);
             ^~~~~~~~~
             pushBack
cc1: all warnings being treated as errors
Compilation failed
Wed Oct 14 19:03:59 UTC 2020: 
 sudoku.c | 13 +++++++++++++
 1 file changed, 13 insertions(+)
In file included from test.c:5:0:
sudoku.c: In function ‘get_adj_nodes’:
sudoku.c:61:13: error: implicit declaration of function ‘push_back’; did you mean ‘pushBack’? [-Werror=implicit-function-declaration]
             push_back(list, adj_n);
             ^~~~~~~~~
             pushBack
cc1: all warnings being treated as errors
Compilation failed
Wed Oct 14 19:04:03 UTC 2020: 
 sudoku.c | 13 +++++++++++++
 1 file changed, 13 insertions(+)
In file included from test.c:5:0:
sudoku.c: In function ‘get_adj_nodes’:
sudoku.c:61:13: error: implicit declaration of function ‘push_back’; did you mean ‘pushBack’? [-Werror=implicit-function-declaration]
             push_back(list, adj_n);
             ^~~~~~~~~
             pushBack
cc1: all warnings being treated as errors
Compilation failed
Wed Oct 14 19:04:13 UTC 2020: 
 sudoku.c | 13 +++++++++++++
 1 file changed, 13 insertions(+)
In file included from test.c:5:0:
sudoku.c: In function ‘get_adj_nodes’:
sudoku.c:59:25: error: assignment to expression with array type
             adj_n->sudo = n->sudo;
                         ^
sudoku.c:61:13: error: implicit declaration of function ‘push_back’; did you mean ‘pushBack’? [-Werror=implicit-function-declaration]
             push_back(list, adj_n);
             ^~~~~~~~~
             pushBack
cc1: all warnings being treated as errors
Compilation failed
Wed Oct 14 19:05:49 UTC 2020: 
 sudoku.c | 13 +++++++++++++
 1 file changed, 13 insertions(+)
In file included from test.c:5:0:
sudoku.c: In function ‘get_adj_nodes’:
sudoku.c:59:25: error: assignment to expression with array type
             adj_n->sudo = n;
                         ^
sudoku.c:61:13: error: implicit declaration of function ‘push_back’; did you mean ‘pushBack’? [-Werror=implicit-function-declaration]
             push_back(list, adj_n);
             ^~~~~~~~~
             pushBack
cc1: all warnings being treated as errors
Compilation failed
Wed Oct 14 19:07:51 UTC 2020: 
 sudoku.c | 13 +++++++++++++
 1 file changed, 13 insertions(+)
In file included from test.c:5:0:
sudoku.c: In function ‘get_adj_nodes’:
sudoku.c:59:25: error: assignment to expression with array type
             adj_n->sudo = n->sudo;
                         ^
sudoku.c:61:13: error: implicit declaration of function ‘push_back’; did you mean ‘pushBack’? [-Werror=implicit-function-declaration]
             push_back(list, adj_n);
             ^~~~~~~~~
             pushBack
cc1: all warnings being treated as errors
Compilation failed
Wed Oct 14 19:11:30 UTC 2020: 
 sudoku.c | 13 +++++++++++++
 1 file changed, 13 insertions(+)
In file included from test.c:5:0:
sudoku.c: In function ‘get_adj_nodes’:
sudoku.c:61:13: error: implicit declaration of function ‘push_back’; did you mean ‘pushBack’? [-Werror=implicit-function-declaration]
             push_back(list, adj_n);
             ^~~~~~~~~
             pushBack
cc1: all warnings being treated as errors
Compilation failed
Wed Oct 14 19:11:33 UTC 2020: 
 sudoku.c | 13 +++++++++++++
 1 file changed, 13 insertions(+)
In file included from test.c:5:0:
sudoku.c: In function ‘get_adj_nodes’:
sudoku.c:61:13: error: implicit declaration of function ‘push_back’; did you mean ‘pushBack’? [-Werror=implicit-function-declaration]
             push_back(list, adj_n);
             ^~~~~~~~~
             pushBack
cc1: all warnings being treated as errors
Compilation failed
Wed Oct 14 19:12:09 UTC 2020: 
 sudoku.c | 14 ++++++++++++++
 1 file changed, 14 insertions(+)
In file included from test.c:5:0:
sudoku.c: In function ‘get_adj_nodes’:
sudoku.c:61:13: error: implicit declaration of function ‘push_back’; did you mean ‘pushBack’? [-Werror=implicit-function-declaration]
             push_back(list, adj_n);
             ^~~~~~~~~
             pushBack
cc1: all warnings being treated as errors
Compilation failed
Wed Oct 14 19:12:25 UTC 2020: 
 sudoku.c | 15 +++++++++++++++
 1 file changed, 15 insertions(+)
In file included from test.c:5:0:
sudoku.c: In function ‘get_adj_nodes’:
sudoku.c:61:13: error: implicit declaration of function ‘push_back’; did you mean ‘pushBack’? [-Werror=implicit-function-declaration]
             push_back(list, adj_n);
             ^~~~~~~~~
             pushBack
cc1: all warnings being treated as errors
Compilation failed
Wed Oct 14 19:12:59 UTC 2020: 
 sudoku.c | 17 +++++++++++++++++
 1 file changed, 17 insertions(+)
In file included from test.c:5:0:
sudoku.c: In function ‘get_adj_nodes’:
sudoku.c:62:13: error: implicit declaration of function ‘push_back’; did you mean ‘pushBack’? [-Werror=implicit-function-declaration]
             push_back(list, adj_n);
             ^~~~~~~~~
             pushBack
cc1: all warnings being treated as errors
Compilation failed
Wed Oct 14 19:14:19 UTC 2020: 
 sudoku.c | 17 +++++++++++++++++
 1 file changed, 17 insertions(+)
In file included from test.c:5:0:
sudoku.c: In function ‘get_adj_nodes’:
sudoku.c:62:13: error: implicit declaration of function ‘push_back’; did you mean ‘pushBack’? [-Werror=implicit-function-declaration]
             push_back(list, adj_n);
             ^~~~~~~~~
             pushBack
cc1: all warnings being treated as errors
Compilation failed
Wed Oct 14 19:14:28 UTC 2020: 
 sudoku.c | 17 +++++++++++++++++
 1 file changed, 17 insertions(+)
 tests:  0|5
total_score: 0/70
9208aed
Wed Oct 14 19:15:03 UTC 2020: 
 sudoku.c | 2 +-
 1 file changed, 1 insertion(+), 1 deletion(-)
 tests:  0|5
total_score: 0/70
0280a7d
Wed Oct 14 19:17:15 UTC 2020: 
 sudoku.c | 9 +++++++--
 1 file changed, 7 insertions(+), 2 deletions(-)
 tests:  0|5
total_score: 0/70
74a211e
Wed Oct 14 19:18:53 UTC 2020: 
 sudoku.c | 9 ++-------
 1 file changed, 2 insertions(+), 7 deletions(-)
 tests:  0|5
total_score: 0/70
89813ce
Wed Oct 14 19:19:16 UTC 2020: 
 sudoku.c | 3 ++-
 1 file changed, 2 insertions(+), 1 deletion(-)
 tests:  2|4
total_score: 15/70
c1e6727
Wed Oct 14 19:27:16 UTC 2020: 
 sudoku.c | 4 ++--
 1 file changed, 2 insertions(+), 2 deletions(-)
 tests:  2|4
total_score: 15/70
0593612
Wed Oct 14 19:37:52 UTC 2020: 
 sudoku.c | 8 +++++---
 1 file changed, 5 insertions(+), 3 deletions(-)
 tests:  0|0
d1492c9
Wed Oct 14 19:38:17 UTC 2020: 
 sudoku.c | 4 +---
 1 file changed, 1 insertion(+), 3 deletions(-)
 tests:  2|4
total_score: 15/70
93ae5a2
Wed Oct 14 19:41:20 UTC 2020: 
 sudoku.c | 3 +--
 1 file changed, 1 insertion(+), 2 deletions(-)
 tests:  2|4
total_score: 15/70
bcbfca1
Wed Oct 14 19:41:46 UTC 2020: 
 sudoku.c | 4 +++-
 1 file changed, 3 insertions(+), 1 deletion(-)
 tests:  0|0
940cf2d
Wed Oct 14 19:42:58 UTC 2020: 
 sudoku.c | 4 +---
 1 file changed, 1 insertion(+), 3 deletions(-)
 tests:  2|4
total_score: 15/70
a8b49fb
